<?xml version="1.0" encoding="UTF-8"?>
<!-- Generated by org.testng.reporters.JUnitReportReporter -->
<testsuite hostname="LAPTOP-0U30SF87" failures="0" tests="1" name="Loginpagetests.PositiveLoginTest" time="0.829" errors="0" timestamp="2020-04-14T11:30:29 EDT" skipped="0">
  <testcase classname="Loginpagetests.PositiveLoginTest" name="logInTest" time="0.829"/>
  <system-out/>
</testsuite> <!-- Loginpagetests.PositiveLoginTest -->
