<?xml version="1.0" encoding="UTF-8"?>
<!-- Generated by org.testng.reporters.JUnitReportReporter -->
<testsuite hostname="LAPTOP-0U30SF87" failures="0" tests="2" name="com.herokuapp.theinternet.loginpagetest.PositiveLoginTest" time="5.304" errors="0" timestamp="2020-05-02T20:51:08 EDT" skipped="0">
  <testcase classname="com.herokuapp.theinternet.loginpagetest.PositiveLoginTest" name="logInTest" time="2.466"/>
  <system-out/>
  <testcase classname="com.herokuapp.theinternet.loginpagetest.PositiveLoginTest" name="logInTest" time="2.838"/>
  <system-out/>
</testsuite> <!-- com.herokuapp.theinternet.loginpagetest.PositiveLoginTest -->
