<?xml version="1.0" encoding="UTF-8"?>
<!-- Generated by org.testng.reporters.JUnitReportReporter -->
<testsuite hostname="LAPTOP-0U30SF87" failures="0" tests="2" name="com.herokuapp.theinternet.loginpagetest.PositiveLoginTest" time="4.683" errors="0" timestamp="2020-05-05T11:13:03 EDT" skipped="0">
  <testcase classname="com.herokuapp.theinternet.loginpagetest.PositiveLoginTest" name="logInTest" time="1.991"/>
  <system-out/>
  <testcase classname="com.herokuapp.theinternet.loginpagetest.PositiveLoginTest" name="logInTest" time="2.692"/>
  <system-out/>
</testsuite> <!-- com.herokuapp.theinternet.loginpagetest.PositiveLoginTest -->
